[==========] Running 2 tests from 2 test suites.
[----------] Global test environment set-up.
[----------] 1 test from ExitHandler
[ RUN      ] ExitHandler.AddOne
[       OK ] ExitHandler.AddOne (0 ms)
[----------] 1 test from ExitHandler (0 ms total)

[----------] 1 test from Semaphore
[ RUN      ] Semaphore.DiscoverAndRemoveLegacy
48123, key = 1, semid = 655360
child pid = 48123
child semaphore id: 655360
48022, key = 1, semid = -1
discover_and_remove_legacy_semaphore: 2
48022, key = 2, semid = 458753
/Users/zlh/Documents/Git/rdbms/test/storage/ipc_test.cc:115: Failure
Expected equality of these values:
  semid
    Which is: 655360
  sema.id()
    Which is: 458753
[  FAILED  ] Semaphore.DiscoverAndRemoveLegacy (0 ms)
[----------] 1 test from Semaphore (0 ms total)

[----------] Global test environment tear-down
[==========] 2 tests from 2 test suites ran. (0 ms total)
[  PASSED  ] 1 test.
[  FAILED  ] 1 test, listed below:
[  FAILED  ] Semaphore.DiscoverAndRemoveLegacy

 1 FAILED TEST
